functie  ----> (-1,-1)
id  ----> (22,0)
(  ----> (-1,-1)
INT  ----> (-1,-1)
id  ----> (23,0)
)  ----> (-1,-1)
{  ----> (-1,-1)
LOCAL  ----> (-1,-1)
INT  ----> (-1,-1)
id  ----> (28,0)
=  ----> (-1,-1)
integer constant  ----> (19,0)
.  ----> (-1,-1)
LOCAL  ----> (-1,-1)
INT  ----> (-1,-1)
id  ----> (18,0)
=  ----> (-1,-1)
integer constant  ----> (19,0)
.  ----> (-1,-1)
LOCAL  ----> (-1,-1)
ARRAY  ----> (-1,-1)
id  ----> (2,0)
.  ----> (-1,-1)
catTimp  ----> (-1,-1)
(  ----> (-1,-1)
id  ----> (23,0)
>  ----> (-1,-1)
integer constant  ----> (19,0)
)  ----> (-1,-1)
{  ----> (-1,-1)
LOCAL  ----> (-1,-1)
INT  ----> (-1,-1)
id  ----> (4,0)
=  ----> (-1,-1)
citeste  ----> (-1,-1)
(  ----> (-1,-1)
)  ----> (-1,-1)
.  ----> (-1,-1)
id  ----> (2,0)
.  ----> (-1,-1)
id  ----> (2,1)
(  ----> (-1,-1)
id  ----> (4,0)
)  ----> (-1,-1)
.  ----> (-1,-1)
id  ----> (23,0)
-  ----> (-1,-1)
-  ----> (-1,-1)
.  ----> (-1,-1)
}  ----> (-1,-1)
catTimp  ----> (-1,-1)
(  ----> (-1,-1)
id  ----> (18,0)
<  ----> (-1,-1)
id  ----> (23,0)
)  ----> (-1,-1)
{  ----> (-1,-1)
id  ----> (28,0)
=  ----> (-1,-1)
id  ----> (28,0)
+  ----> (-1,-1)
id  ----> (2,0)
[  ----> (-1,-1)
id  ----> (18,0)
]  ----> (-1,-1)
.  ----> (-1,-1)
id  ----> (18,0)
+  ----> (-1,-1)
+  ----> (-1,-1)
.  ----> (-1,-1)
}  ----> (-1,-1)
}  ----> (-1,-1)
INT  ----> (-1,-1)
id  ----> (23,0)
=  ----> (-1,-1)
citeste  ----> (-1,-1)
(  ----> (-1,-1)
string constant  ----> (7,0)
)  ----> (-1,-1)
.  ----> (-1,-1)
apel  ----> (-1,-1)
id  ----> (22,0)
(  ----> (-1,-1)
id  ----> (23,0)
)  ----> (-1,-1)
.  ----> (-1,-1)
