functie  ----> (-1,-1)
id  ----> (7,0)
(  ----> (-1,-1)
INT  ----> (-1,-1)
id  ----> (10,0)
,  ----> (-1,-1)
INT  ----> (-1,-1)
id  ----> (11,0)
,  ----> (-1,-1)
INT  ----> (-1,-1)
id  ----> (12,0)
)  ----> (-1,-1)
{  ----> (-1,-1)
decideDaca  ----> (-1,-1)
[  ----> (-1,-1)
id  ----> (10,0)
>  ----> (-1,-1)
id  ----> (11,0)
si  ----> (-1,-1)
id  ----> (10,0)
>  ----> (-1,-1)
id  ----> (12,0)
]  ----> (-1,-1)
->  ----> (-1,-1)
scrie  ----> (-1,-1)
(  ----> (-1,-1)
string constant  ----> (0,0)
;  ----> (-1,-1)
id  ----> (10,0)
)  ----> (-1,-1)
.  ----> (-1,-1)
decideDaca  ----> (-1,-1)
[  ----> (-1,-1)
id  ----> (11,0)
>  ----> (-1,-1)
id  ----> (10,0)
si  ----> (-1,-1)
id  ----> (11,0)
>  ----> (-1,-1)
id  ----> (12,0)
]  ----> (-1,-1)
->  ----> (-1,-1)
scrie  ----> (-1,-1)
(  ----> (-1,-1)
string constant  ----> (0,0)
;  ----> (-1,-1)
id  ----> (11,0)
)  ----> (-1,-1)
.  ----> (-1,-1)
decideDaca  ----> (-1,-1)
[  ----> (-1,-1)
id  ----> (12,0)
>  ----> (-1,-1)
id  ----> (10,0)
si  ----> (-1,-1)
id  ----> (12,0)
>  ----> (-1,-1)
id  ----> (11,0)
]  ----> (-1,-1)
->  ----> (-1,-1)
scrie  ----> (-1,-1)
(  ----> (-1,-1)
string constant  ----> (0,0)
;  ----> (-1,-1)
id  ----> (12,0)
)  ----> (-1,-1)
.  ----> (-1,-1)
}  ----> (-1,-1)
INT  ----> (-1,-1)
id  ----> (10,0)
=  ----> (-1,-1)
citeste  ----> (-1,-1)
(  ----> (-1,-1)
string constant  ----> (26,0)
)  ----> (-1,-1)
.  ----> (-1,-1)
INT  ----> (-1,-1)
id  ----> (11,0)
=  ----> (-1,-1)
citeste  ----> (-1,-1)
(  ----> (-1,-1)
string constant  ----> (23,0)
)  ----> (-1,-1)
.  ----> (-1,-1)
INT  ----> (-1,-1)
id  ----> (12,0)
=  ----> (-1,-1)
citeste  ----> (-1,-1)
(  ----> (-1,-1)
string constant  ----> (13,0)
)  ----> (-1,-1)
.  ----> (-1,-1)
apel  ----> (-1,-1)
id  ----> (7,0)
(  ----> (-1,-1)
id  ----> (10,0)
,  ----> (-1,-1)
id  ----> (11,0)
,  ----> (-1,-1)
id  ----> (12,0)
)  ----> (-1,-1)
.  ----> (-1,-1)
